"blank"					"=========================="
"blank"					"#Valve_Movement_Title"
"blank"					"=========================="
"+forward"				"#Valve_Move_Forward"
"+back"					"#Valve_Move_Back"
"+moveleft"				"#Valve_Move_Left"
"+moveright"			"#Valve_Move_Right"
"+speed"				"#Valve_Sprint"
"+jump"					"#Valve_Jump"
"+duck"					"#Valve_Duck"
"blank"					"=========================="
"blank"					"#Valve_Combat_Title"
"blank"					"=========================="
"+attack"				"#Valve_Primary_Attack"
"+reload"				"#Valve_Reload_Weapon"
"+use"					"#Valve_Use_Items"
"impulse 100"			"#Valve_Flashlight"
"blank"					"=========================="
"blank"					"#Valve_Miscellaneous_Title"
"blank"					"=========================="
"zoom_in"				"#Estranged_Zoom_In"
"zoom_out"				"#Estranged_Zoom_Out"
"jpeg"					"#Valve_Take_Screen_Shot"
"save quick"			"#Valve_Quick_Save"
"load quick"			"#Valve_Quick_Load"
"toggleconsole"			"#Valve_Console_Toggle"